<?xml version="1.0" encoding="UTF-8"?>
<testsuite xmlns:xsi="http://www.w3.org/2001/XMLSchema-instance" xsi:noNamespaceSchemaLocation="https://maven.apache.org/surefire/maven-surefire-plugin/xsd/surefire-test-report-3.0.xsd" version="3.0" name="com.yourcompany.starter.integration.EnterpriseStarterIntegrationTest" time="4.862" tests="11" errors="0" skipped="0" failures="0">
  <properties>
[...]
</properties>
  <testcase name="testRateLimiting_BlocksExcessiveRequests" classname="com.yourcompany.starter.integration.EnterpriseStarterIntegrationTest" time="0.17">
    <system-out><![CDATA[
  .   ____          _            __ _ _
 /\\ / ___'_ __ _ _(_)_ __  __ _ \ \ \ \
( ( )\___ | '_ | '_| | '_ \/ _` | \ \ \ \
 \\/  ___)| |_)| | | | | || (_| |  ) ) ) )
  '  |____| .__|_| |_|_| |_\__, | / / / /
 =========|_|==============|___/=/_/_/_/
 :: Spring Boot ::                (v3.2.0)

2025-11-10T11:05:17.139+13:00  INFO 294852 --- [           main] c.y.s.i.EnterpriseStarterIntegrationTest : Starting EnterpriseStarterIntegrationTest using Java 21.0.8 with PID 294852 (started by vishalm in /home/vishalm/projects/poc/spring-boot-enterprise-starter)
2025-11-10T11:05:17.140+13:00  INFO 294852 --- [           main] c.y.s.i.EnterpriseStarterIntegrationTest : No active profile set, falling back to 1 default profile: "default"
2025-11-10T11:05:18.885+13:00  INFO 294852 --- [           main] o.s.b.w.embedded.tomcat.TomcatWebServer  : Tomcat initialized with port 0 (http)
2025-11-10T11:05:18.899+13:00  INFO 294852 --- [           main] o.apache.catalina.core.StandardService   : Starting service [Tomcat]
2025-11-10T11:05:18.899+13:00  INFO 294852 --- [           main] o.apache.catalina.core.StandardEngine    : Starting Servlet engine: [Apache Tomcat/10.1.16]
2025-11-10T11:05:18.951+13:00  INFO 294852 --- [           main] o.a.c.c.C.[Tomcat].[localhost].[/]       : Initializing Spring embedded WebApplicationContext
2025-11-10T11:05:18.952+13:00  INFO 294852 --- [           main] w.s.c.ServletWebServerApplicationContext : Root WebApplicationContext: initialization completed in 1800 ms
2025-11-10T11:05:21.038+13:00  INFO 294852 --- [           main] o.s.b.a.e.web.EndpointLinksResolver      : Exposing 1 endpoint(s) beneath base path '/actuator'
2025-11-10T11:05:21.129+13:00  INFO 294852 --- [           main] o.s.b.w.embedded.tomcat.TomcatWebServer  : Tomcat started on port 38017 (http) with context path ''
2025-11-10T11:05:21.142+13:00  INFO 294852 --- [           main] c.y.s.i.EnterpriseStarterIntegrationTest : Started EnterpriseStarterIntegrationTest in 4.177 seconds (process running for 8.427)
2025-11-10T11:05:21.371+13:00  INFO 294852 --- [o-auto-1-exec-1] o.a.c.c.C.[Tomcat].[localhost].[/]       : Initializing Spring DispatcherServlet 'dispatcherServlet'
2025-11-10T11:05:21.371+13:00  INFO 294852 --- [o-auto-1-exec-1] o.s.web.servlet.DispatcherServlet        : Initializing Servlet 'dispatcherServlet'
2025-11-10T11:05:21.372+13:00  INFO 294852 --- [o-auto-1-exec-1] o.s.web.servlet.DispatcherServlet        : Completed initialization in 1 ms
2025-11-10T11:05:21.406+13:00  INFO 294852 --- [o-auto-1-exec-1] c.y.starter.filter.RequestLoggingFilter  : Request/Response Log: {"correlationId":"6c2ca2d0-cced-4662-be6a-5150149fb13c","serviceName":"unknown-service","direction":"INCOMING","type":"REQUEST","method":"GET","uri":"/api/test","remoteAddress":"127.0.0.1","headers":{"x-api-key":"key","host":"localhost:38017","connection":"keep-alive","accept":"text/plain, application/json, application/*+json, */*","user-agent":"Java/21.0.8"},"consumerDetails":"IP: 127.0.0.1, User-Agent: Java/21.0.8","timestamp":[2025,11,10,11,5,21,379576377]}
2025-11-10T11:05:21.407+13:00  INFO 294852 --- [o-auto-1-exec-1] c.y.starter.service.AuthService          : AUTH_AUDIT: status=SUCCESS, ip=127.0.0.1, operation=/api/test, details=API key authentication successful
2025-11-10T11:05:21.431+13:00  INFO 294852 --- [o-auto-1-exec-1] c.y.starter.filter.RequestLoggingFilter  : Request/Response Log: {"correlationId":"6c2ca2d0-cced-4662-be6a-5150149fb13c","serviceName":"unknown-service","direction":"OUTGOING","type":"RESPONSE","headers":{"X-Correlation-ID":"6c2ca2d0-cced-4662-be6a-5150149fb13c"},"body":"OK","statusCode":200,"durationMs":50,"timestamp":[2025,11,10,11,5,21,429665294]}
2025-11-10T11:05:21.440+13:00  INFO 294852 --- [o-auto-1-exec-2] c.y.starter.filter.RequestLoggingFilter  : Request/Response Log: {"correlationId":"d0c4c477-9193-439b-907a-b412cbee0cf4","serviceName":"unknown-service","direction":"INCOMING","type":"REQUEST","method":"GET","uri":"/api/test","remoteAddress":"127.0.0.1","headers":{"x-api-key":"key","host":"localhost:38017","connection":"keep-alive","accept":"text/plain, application/json, application/*+json, */*","user-agent":"Java/21.0.8"},"consumerDetails":"IP: 127.0.0.1, User-Agent: Java/21.0.8","timestamp":[2025,11,10,11,5,21,439899173]}
2025-11-10T11:05:21.440+13:00  INFO 294852 --- [o-auto-1-exec-2] c.y.starter.service.AuthService          : AUTH_AUDIT: status=SUCCESS, ip=127.0.0.1, operation=/api/test, details=API key authentication successful
2025-11-10T11:05:21.443+13:00  INFO 294852 --- [o-auto-1-exec-2] c.y.starter.filter.RequestLoggingFilter  : Request/Response Log: {"correlationId":"d0c4c477-9193-439b-907a-b412cbee0cf4","serviceName":"unknown-service","direction":"OUTGOING","type":"RESPONSE","headers":{"X-Correlation-ID":"d0c4c477-9193-439b-907a-b412cbee0cf4"},"body":"OK","statusCode":200,"durationMs":3,"timestamp":[2025,11,10,11,5,21,442794883]}
2025-11-10T11:05:21.445+13:00  INFO 294852 --- [o-auto-1-exec-3] c.y.starter.filter.RequestLoggingFilter  : Request/Response Log: {"correlationId":"46298f91-7db1-40f7-b03b-24f996ef5405","serviceName":"unknown-service","direction":"INCOMING","type":"REQUEST","method":"GET","uri":"/api/test","remoteAddress":"127.0.0.1","headers":{"x-api-key":"key","host":"localhost:38017","connection":"keep-alive","accept":"text/plain, application/json, application/*+json, */*","user-agent":"Java/21.0.8"},"consumerDetails":"IP: 127.0.0.1, User-Agent: Java/21.0.8","timestamp":[2025,11,10,11,5,21,445335750]}
2025-11-10T11:05:21.445+13:00  WARN 294852 --- [o-auto-1-exec-3] c.y.starter.service.RateLimitingService  : Rate limit exceeded for identifier: 127.0.0.1, count: 3, limit: 2
2025-11-10T11:05:21.446+13:00  INFO 294852 --- [o-auto-1-exec-3] c.y.starter.filter.RequestLoggingFilter  : Request/Response Log: {"correlationId":"46298f91-7db1-40f7-b03b-24f996ef5405","serviceName":"unknown-service","direction":"OUTGOING","type":"RESPONSE","headers":{"X-Correlation-ID":"46298f91-7db1-40f7-b03b-24f996ef5405"},"body":"{\"error\":\"Too Many Requests\",\"message\":\"Rate limit exceeded\"}","statusCode":429,"durationMs":1,"timestamp":[2025,11,10,11,5,21,446443514]}
]]></system-out>
  </testcase>
  <testcase name="testRequestLogging_LogsRequestAndResponse" classname="com.yourcompany.starter.integration.EnterpriseStarterIntegrationTest" time="0.019">
    <system-out><![CDATA[2025-11-10T11:05:21.461+13:00  INFO 294852 --- [o-auto-1-exec-4] c.y.starter.filter.RequestLoggingFilter  : Request/Response Log: {"correlationId":"8a14f6bb-572c-4ad7-89a6-591358d62318","serviceName":"unknown-service","direction":"INCOMING","type":"REQUEST","method":"POST","uri":"/api/test","remoteAddress":"127.0.0.1","headers":{"content-length":"15","host":"localhost:38017","content-type":"application/json","connection":"keep-alive","accept":"text/plain, application/json, application/*+json, */*","user-agent":"Java/21.0.8"},"consumerDetails":"IP: 127.0.0.1, User-Agent: Java/21.0.8","timestamp":[2025,11,10,11,5,21,460698310]}
2025-11-10T11:05:21.470+13:00  INFO 294852 --- [o-auto-1-exec-4] c.y.starter.filter.RequestLoggingFilter  : Request/Response Log: {"correlationId":"8a14f6bb-572c-4ad7-89a6-591358d62318","serviceName":"unknown-service","direction":"OUTGOING","type":"RESPONSE","headers":{"X-Correlation-ID":"8a14f6bb-572c-4ad7-89a6-591358d62318"},"body":"OK","statusCode":200,"durationMs":10,"timestamp":[2025,11,10,11,5,21,470116584]}
]]></system-out>
  </testcase>
  <testcase name="testAuthentication_APIKey_Valid" classname="com.yourcompany.starter.integration.EnterpriseStarterIntegrationTest" time="0.009">
    <system-out><![CDATA[2025-11-10T11:05:21.479+13:00  INFO 294852 --- [o-auto-1-exec-5] c.y.starter.filter.RequestLoggingFilter  : Request/Response Log: {"correlationId":"bcc8fe5e-07e7-4d68-81b1-d47608e2e8c3","serviceName":"unknown-service","direction":"INCOMING","type":"REQUEST","method":"GET","uri":"/api/test","remoteAddress":"127.0.0.1","headers":{"x-api-key":"valid-key","host":"localhost:38017","content-type":"application/json","connection":"keep-alive","accept":"text/plain, application/json, application/*+json, */*","user-agent":"Java/21.0.8"},"consumerDetails":"IP: 127.0.0.1, User-Agent: Java/21.0.8","timestamp":[2025,11,10,11,5,21,479449197]}
2025-11-10T11:05:21.480+13:00  INFO 294852 --- [o-auto-1-exec-5] c.y.starter.service.AuthService          : AUTH_AUDIT: status=SUCCESS, ip=127.0.0.1, operation=/api/test, details=API key authentication successful
2025-11-10T11:05:21.481+13:00  INFO 294852 --- [o-auto-1-exec-5] c.y.starter.filter.RequestLoggingFilter  : Request/Response Log: {"correlationId":"bcc8fe5e-07e7-4d68-81b1-d47608e2e8c3","serviceName":"unknown-service","direction":"OUTGOING","type":"RESPONSE","headers":{"X-Correlation-ID":"bcc8fe5e-07e7-4d68-81b1-d47608e2e8c3"},"body":"OK","statusCode":200,"durationMs":2,"timestamp":[2025,11,10,11,5,21,481511691]}
]]></system-out>
  </testcase>
  <testcase name="testAuthentication_BasicAuth_Valid" classname="com.yourcompany.starter.integration.EnterpriseStarterIntegrationTest" time="0.011">
    <system-out><![CDATA[2025-11-10T11:05:21.490+13:00  INFO 294852 --- [o-auto-1-exec-6] c.y.starter.filter.RequestLoggingFilter  : Request/Response Log: {"correlationId":"f37df1ff-4acc-4881-9844-3181d30a2392","serviceName":"unknown-service","direction":"INCOMING","type":"REQUEST","method":"GET","uri":"/api/test","remoteAddress":"127.0.0.1","headers":{"authorization":"****","host":"localhost:38017","content-type":"application/json","connection":"keep-alive","accept":"text/plain, application/json, application/*+json, */*","user-agent":"Java/21.0.8"},"consumerDetails":"IP: 127.0.0.1, User-Agent: Java/21.0.8","timestamp":[2025,11,10,11,5,21,489884343]}
2025-11-10T11:05:21.492+13:00  INFO 294852 --- [o-auto-1-exec-6] c.y.starter.service.AuthService          : AUTH_AUDIT: status=SUCCESS, ip=127.0.0.1, operation=/api/test, details=Basic Auth authentication successful
2025-11-10T11:05:21.493+13:00  INFO 294852 --- [o-auto-1-exec-6] c.y.starter.filter.RequestLoggingFilter  : Request/Response Log: {"correlationId":"f37df1ff-4acc-4881-9844-3181d30a2392","serviceName":"unknown-service","direction":"OUTGOING","type":"RESPONSE","headers":{"X-Correlation-ID":"f37df1ff-4acc-4881-9844-3181d30a2392"},"body":"OK","statusCode":200,"durationMs":4,"timestamp":[2025,11,10,11,5,21,493549732]}
]]></system-out>
  </testcase>
  <testcase name="testRequestLogging_GeneratesCorrelationId" classname="com.yourcompany.starter.integration.EnterpriseStarterIntegrationTest" time="0.008">
    <system-out><![CDATA[2025-11-10T11:05:21.500+13:00  INFO 294852 --- [o-auto-1-exec-7] c.y.starter.filter.RequestLoggingFilter  : Request/Response Log: {"correlationId":"5c10bafc-b038-427f-8987-b508f8c01cb5","serviceName":"unknown-service","direction":"INCOMING","type":"REQUEST","method":"GET","uri":"/api/test","remoteAddress":"127.0.0.1","headers":{"host":"localhost:38017","content-type":"application/json","connection":"keep-alive","accept":"text/plain, application/json, application/*+json, */*","user-agent":"Java/21.0.8"},"consumerDetails":"IP: 127.0.0.1, User-Agent: Java/21.0.8","timestamp":[2025,11,10,11,5,21,500607453]}
2025-11-10T11:05:21.502+13:00  INFO 294852 --- [o-auto-1-exec-7] c.y.starter.filter.RequestLoggingFilter  : Request/Response Log: {"correlationId":"5c10bafc-b038-427f-8987-b508f8c01cb5","serviceName":"unknown-service","direction":"OUTGOING","type":"RESPONSE","headers":{"X-Correlation-ID":"5c10bafc-b038-427f-8987-b508f8c01cb5"},"body":"OK","statusCode":200,"durationMs":2,"timestamp":[2025,11,10,11,5,21,502087063]}
]]></system-out>
  </testcase>
  <testcase name="testRequestLogging_ExcludesPaths" classname="com.yourcompany.starter.integration.EnterpriseStarterIntegrationTest" time="0.03"/>
  <testcase name="testAuthentication_APIKey_Invalid" classname="com.yourcompany.starter.integration.EnterpriseStarterIntegrationTest" time="0.009">
    <system-out><![CDATA[2025-11-10T11:05:21.544+13:00  INFO 294852 --- [o-auto-1-exec-9] c.y.starter.filter.RequestLoggingFilter  : Request/Response Log: {"correlationId":"6bfb122b-b6e1-4580-b4ce-b31622b4ca13","serviceName":"unknown-service","direction":"INCOMING","type":"REQUEST","method":"GET","uri":"/api/test","remoteAddress":"127.0.0.1","headers":{"x-api-key":"invalid-key","host":"localhost:38017","content-type":"application/json","connection":"keep-alive","accept":"text/plain, application/json, application/*+json, */*","user-agent":"Java/21.0.8"},"consumerDetails":"IP: 127.0.0.1, User-Agent: Java/21.0.8","timestamp":[2025,11,10,11,5,21,543747546]}
2025-11-10T11:05:21.544+13:00  INFO 294852 --- [o-auto-1-exec-9] c.y.starter.service.AuthService          : AUTH_AUDIT: status=FAILURE, ip=127.0.0.1, operation=/api/test, details=Invalid API key
2025-11-10T11:05:21.545+13:00  INFO 294852 --- [o-auto-1-exec-9] c.y.starter.filter.RequestLoggingFilter  : Request/Response Log: {"correlationId":"6bfb122b-b6e1-4580-b4ce-b31622b4ca13","serviceName":"unknown-service","direction":"OUTGOING","type":"RESPONSE","headers":{"X-Correlation-ID":"6bfb122b-b6e1-4580-b4ce-b31622b4ca13"},"body":"{\"error\":\"Unauthorized\",\"message\":\"Authentication failed\"}","statusCode":401,"durationMs":1,"timestamp":[2025,11,10,11,5,21,544697682]}
]]></system-out>
  </testcase>
  <testcase name="testAuthentication_JWT_ValidToken" classname="com.yourcompany.starter.integration.EnterpriseStarterIntegrationTest" time="0.113">
    <system-out><![CDATA[2025-11-10T11:05:21.632+13:00  INFO 294852 --- [-auto-1-exec-10] c.y.starter.filter.RequestLoggingFilter  : Request/Response Log: {"correlationId":"418db5df-587a-4925-b133-e32251e996c2","serviceName":"unknown-service","direction":"INCOMING","type":"REQUEST","method":"GET","uri":"/api/test","remoteAddress":"127.0.0.1","headers":{"authorization":"****","host":"localhost:38017","content-type":"application/json","connection":"keep-alive","accept":"text/plain, application/json, application/*+json, */*","user-agent":"Java/21.0.8"},"consumerDetails":"IP: 127.0.0.1, User-Agent: Java/21.0.8","timestamp":[2025,11,10,11,5,21,631826096]}
2025-11-10T11:05:21.659+13:00  INFO 294852 --- [-auto-1-exec-10] c.y.starter.service.AuthService          : AUTH_AUDIT: status=SUCCESS, ip=127.0.0.1, operation=/api/test, details=Authentication successful
2025-11-10T11:05:21.661+13:00  INFO 294852 --- [-auto-1-exec-10] c.y.starter.filter.RequestLoggingFilter  : Request/Response Log: {"correlationId":"418db5df-587a-4925-b133-e32251e996c2","serviceName":"unknown-service","direction":"OUTGOING","type":"RESPONSE","headers":{"X-Correlation-ID":"418db5df-587a-4925-b133-e32251e996c2"},"body":"OK","statusCode":200,"durationMs":30,"timestamp":[2025,11,10,11,5,21,661031321]}
]]></system-out>
  </testcase>
  <testcase name="testAuthentication_JWT_InvalidToken" classname="com.yourcompany.starter.integration.EnterpriseStarterIntegrationTest" time="0.008">
    <system-out><![CDATA[2025-11-10T11:05:21.669+13:00  INFO 294852 --- [o-auto-1-exec-1] c.y.starter.filter.RequestLoggingFilter  : Request/Response Log: {"correlationId":"4ce7219f-84d7-4007-a34a-c06ec3e2077d","serviceName":"unknown-service","direction":"INCOMING","type":"REQUEST","method":"GET","uri":"/api/test","remoteAddress":"127.0.0.1","headers":{"authorization":"****","host":"localhost:38017","content-type":"application/json","connection":"keep-alive","accept":"text/plain, application/json, application/*+json, */*","user-agent":"Java/21.0.8"},"consumerDetails":"IP: 127.0.0.1, User-Agent: Java/21.0.8","timestamp":[2025,11,10,11,5,21,668791155]}
2025-11-10T11:05:21.669+13:00  INFO 294852 --- [o-auto-1-exec-1] c.y.starter.service.AuthService          : AUTH_AUDIT: status=FAILURE, ip=127.0.0.1, operation=/api/test, details=Invalid or expired token
2025-11-10T11:05:21.670+13:00  INFO 294852 --- [o-auto-1-exec-1] c.y.starter.filter.RequestLoggingFilter  : Request/Response Log: {"correlationId":"4ce7219f-84d7-4007-a34a-c06ec3e2077d","serviceName":"unknown-service","direction":"OUTGOING","type":"RESPONSE","headers":{"X-Correlation-ID":"4ce7219f-84d7-4007-a34a-c06ec3e2077d"},"body":"{\"error\":\"Unauthorized\",\"message\":\"Authentication failed\"}","statusCode":401,"durationMs":1,"timestamp":[2025,11,10,11,5,21,669967046]}
]]></system-out>
  </testcase>
  <testcase name="testRequestLogging_AddsCorrelationId" classname="com.yourcompany.starter.integration.EnterpriseStarterIntegrationTest" time="0.009">
    <system-out><![CDATA[2025-11-10T11:05:21.678+13:00  INFO 294852 --- [o-auto-1-exec-2] c.y.starter.filter.RequestLoggingFilter  : Request/Response Log: {"correlationId":"test-correlation-id-123","serviceName":"unknown-service","direction":"INCOMING","type":"REQUEST","method":"GET","uri":"/api/test","remoteAddress":"127.0.0.1","headers":{"host":"localhost:38017","x-correlation-id":"test-correlation-id-123","content-type":"application/json","connection":"keep-alive","accept":"text/plain, application/json, application/*+json, */*","user-agent":"Java/21.0.8"},"consumerDetails":"IP: 127.0.0.1, User-Agent: Java/21.0.8","timestamp":[2025,11,10,11,5,21,678204182]}
2025-11-10T11:05:21.680+13:00  INFO 294852 --- [o-auto-1-exec-2] c.y.starter.filter.RequestLoggingFilter  : Request/Response Log: {"correlationId":"test-correlation-id-123","serviceName":"unknown-service","direction":"OUTGOING","type":"RESPONSE","headers":{"X-Correlation-ID":"test-correlation-id-123"},"body":"OK","statusCode":200,"durationMs":1,"timestamp":[2025,11,10,11,5,21,679942341]}
]]></system-out>
  </testcase>
  <testcase name="testSecurityHeaders_Added" classname="com.yourcompany.starter.integration.EnterpriseStarterIntegrationTest" time="0.007">
    <system-out><![CDATA[2025-11-10T11:05:21.689+13:00  INFO 294852 --- [o-auto-1-exec-3] c.y.starter.filter.RequestLoggingFilter  : Request/Response Log: {"correlationId":"18268f99-8616-47b2-924c-8294d5e09b78","serviceName":"unknown-service","direction":"INCOMING","type":"REQUEST","method":"GET","uri":"/api/test","remoteAddress":"127.0.0.1","headers":{"x-api-key":"key","host":"localhost:38017","connection":"keep-alive","accept":"text/plain, application/json, application/*+json, */*","user-agent":"Java/21.0.8"},"consumerDetails":"IP: 127.0.0.1, User-Agent: Java/21.0.8","timestamp":[2025,11,10,11,5,21,688889871]}
2025-11-10T11:05:21.689+13:00  INFO 294852 --- [o-auto-1-exec-3] c.y.starter.service.AuthService          : AUTH_AUDIT: status=SUCCESS, ip=127.0.0.1, operation=/api/test, details=API key authentication successful
2025-11-10T11:05:21.690+13:00  INFO 294852 --- [o-auto-1-exec-3] c.y.starter.filter.RequestLoggingFilter  : Request/Response Log: {"correlationId":"18268f99-8616-47b2-924c-8294d5e09b78","serviceName":"unknown-service","direction":"OUTGOING","type":"RESPONSE","headers":{"X-Frame-Options":"DENY","Strict-Transport-Security":"max-age=31536000; includeSubDomains","X-Content-Type-Options":"nosniff","X-Correlation-ID":"18268f99-8616-47b2-924c-8294d5e09b78","Content-Security-Policy":"default-src 'self'","X-XSS-Protection":"1; mode=block"},"body":"OK","statusCode":200,"durationMs":2,"timestamp":[2025,11,10,11,5,21,690430376]}
]]></system-out>
  </testcase>
</testsuite>