<?xml version="1.0" encoding="UTF-8"?>
<testsuite xmlns:xsi="http://www.w3.org/2001/XMLSchema-instance" xsi:noNamespaceSchemaLocation="https://maven.apache.org/surefire/maven-surefire-plugin/xsd/surefire-test-report-3.0.xsd" version="3.0" name="com.yourcompany.starter.util.JwtUtilTest" time="2.026" tests="9" errors="0" skipped="0" failures="0">
  <properties>
[...]
</properties>
  <testcase name="testValidateToken_ExpiredToken" classname="com.yourcompany.starter.util.JwtUtilTest" time="2.015"/>
  <testcase name="testExtractUsername" classname="com.yourcompany.starter.util.JwtUtilTest" time="0.002"/>
  <testcase name="testGenerateToken" classname="com.yourcompany.starter.util.JwtUtilTest" time="0.001"/>
  <testcase name="testExtractAllClaims" classname="com.yourcompany.starter.util.JwtUtilTest" time="0.001"/>
  <testcase name="testValidateToken_ValidToken" classname="com.yourcompany.starter.util.JwtUtilTest" time="0.001"/>
  <testcase name="testExtractRoles_NoRoles" classname="com.yourcompany.starter.util.JwtUtilTest" time="0.002"/>
  <testcase name="testValidateToken_InvalidSecret" classname="com.yourcompany.starter.util.JwtUtilTest" time="0.001"/>
  <testcase name="testExtractRoles" classname="com.yourcompany.starter.util.JwtUtilTest" time="0.001"/>
  <testcase name="testExtractExpiration" classname="com.yourcompany.starter.util.JwtUtilTest" time="0.001"/>
</testsuite>